<?xml version="1.0" encoding="UTF-8"?>
<!-- Generated by org.testng.reporters.JUnitReportReporter -->
<testsuite skipped="0" hostname="DESKTOP-IF8E72L" name="Second" tests="3" failures="0" timestamp="11 Jan 2019 12:13:24 GMT" time="7.547" errors="0">
  <testcase name="openPage" time="7.536" classname="Second"/>
  <testcase name="passTest" time="0.001" classname="Second"/>
  <testcase name="failTest" time="0.010" classname="Second"/>
</testsuite> <!-- Second -->
